{"level":"info","message":"Hello from Acquisitions","service":"acquisitions-api"}
{"level":"info","message":"::1 - - [07/Jan/2026:12:52:37 +0000] \"GET / HTTP/1.1\" 304 - \"-\" \"Mozilla/5.0 (Windows NT 10.0; Win64; x64) AppleWebKit/537.36 (KHTML, like Gecko) Chrome/143.0.0.0 Safari/537.36\"","service":"acquisitions-api"}
{"level":"info","message":"::1 - - [07/Jan/2026:12:52:38 +0000] \"GET /favicon.ico HTTP/1.1\" 404 150 \"-\" \"Mozilla/5.0 (Windows NT 10.0; Win64; x64) AppleWebKit/537.36 (KHTML, like Gecko) Chrome/143.0.0.0 Safari/537.36\"","service":"acquisitions-api"}
{"level":"info","message":"Hello from Acquisitions","service":"acquisitions-api"}
{"level":"info","message":"::1 - - [10/Jan/2026:15:27:04 +0000] \"GET / HTTP/1.1\" 304 - \"-\" \"Mozilla/5.0 (Windows NT 10.0; Win64; x64) AppleWebKit/537.36 (KHTML, like Gecko) Chrome/143.0.0.0 Safari/537.36\"","service":"acquisitions-api"}
{"level":"info","message":"::1 - - [10/Jan/2026:15:28:11 +0000] \"POST / HTTP/1.1\" 404 140 \"-\" \"PostmanRuntime/7.40.0\"","service":"acquisitions-api"}
{"level":"info","message":"::1 - - [10/Jan/2026:15:28:54 +0000] \"POST /api/auth HTTP/1.1\" 404 148 \"-\" \"PostmanRuntime/7.40.0\"","service":"acquisitions-api"}
{"level":"info","message":"::1 - - [10/Jan/2026:15:29:02 +0000] \"POST /api/auth/sign-in HTTP/1.1\" 404 156 \"-\" \"PostmanRuntime/7.40.0\"","service":"acquisitions-api"}
{"level":"info","message":"::1 - - [10/Jan/2026:15:29:45 +0000] \"POST /api/auth/sign-in HTTP/1.1\" 404 156 \"-\" \"PostmanRuntime/7.40.0\"","service":"acquisitions-api"}
{"level":"info","message":"::1 - - [10/Jan/2026:15:32:16 +0000] \"POST /api/auth/sign-in HTTP/1.1\" 200 30 \"-\" \"PostmanRuntime/7.40.0\"","service":"acquisitions-api"}
{"level":"info","message":"::1 - - [10/Jan/2026:15:32:22 +0000] \"POST /api/auth/sign-up HTTP/1.1\" 200 30 \"-\" \"PostmanRuntime/7.40.0\"","service":"acquisitions-api"}
{"level":"info","message":"::1 - - [10/Jan/2026:15:32:26 +0000] \"POST /api/auth/sign-out HTTP/1.1\" 404 157 \"-\" \"PostmanRuntime/7.40.0\"","service":"acquisitions-api"}
{"level":"info","message":"::1 - - [10/Jan/2026:15:32:52 +0000] \"POST /api/auth/sign-out HTTP/1.1\" 200 32 \"-\" \"PostmanRuntime/7.40.0\"","service":"acquisitions-api"}
{"level":"info","message":"::1 - - [10/Jan/2026:18:41:13 +0000] \"POST /api/auth/sign-up HTTP/1.1\" 400 92 \"-\" \"PostmanRuntime/7.40.0\"","service":"acquisitions-api"}
{"level":"info","message":"::1 - - [10/Jan/2026:18:45:12 +0000] \"POST /api/auth/sign-up HTTP/1.1\" 400 89 \"-\" \"PostmanRuntime/7.40.0\"","service":"acquisitions-api"}
{"level":"info","message":"User signed up: Apoorv (apoorv@gmail.com) with role user","service":"acquisitions-api"}
{"level":"info","message":"::1 - - [10/Jan/2026:18:45:32 +0000] \"POST /api/auth/sign-up HTTP/1.1\" 201 114 \"-\" \"PostmanRuntime/7.40.0\"","service":"acquisitions-api"}
{"level":"info","message":"User signed up: Apoorv (apoorv@gmail.com) with role user","service":"acquisitions-api"}
{"level":"info","message":"::1 - - [13/Jan/2026:16:00:43 +0000] \"POST /api/auth/sign-up HTTP/1.1\" 201 114 \"-\" \"PostmanRuntime/7.40.0\"","service":"acquisitions-api"}
{"level":"error","message":"User creation error eq is not defined","service":"acquisitions-api","stack":"ReferenceError: eq is not defined\n    at createUser (file:///C:/Users/Apoorv/OneDrive/Desktop/temp/acquisitions/src/services/auth.service.js:20:7)\n    at signup (file:///C:/Users/Apoorv/OneDrive/Desktop/temp/acquisitions/src/controllers/auth.controller.js:21:24)\n    at Layer.handleRequest (C:\\Users\\Apoorv\\OneDrive\\Desktop\\temp\\acquisitions\\node_modules\\router\\lib\\layer.js:152:17)\n    at next (C:\\Users\\Apoorv\\OneDrive\\Desktop\\temp\\acquisitions\\node_modules\\router\\lib\\route.js:157:13)\n    at Route.dispatch (C:\\Users\\Apoorv\\OneDrive\\Desktop\\temp\\acquisitions\\node_modules\\router\\lib\\route.js:117:3)\n    at handle (C:\\Users\\Apoorv\\OneDrive\\Desktop\\temp\\acquisitions\\node_modules\\router\\index.js:435:11)\n    at Layer.handleRequest (C:\\Users\\Apoorv\\OneDrive\\Desktop\\temp\\acquisitions\\node_modules\\router\\lib\\layer.js:152:17)\n    at C:\\Users\\Apoorv\\OneDrive\\Desktop\\temp\\acquisitions\\node_modules\\router\\index.js:295:15\n    at processParams (C:\\Users\\Apoorv\\OneDrive\\Desktop\\temp\\acquisitions\\node_modules\\router\\index.js:582:12)\n    at next (C:\\Users\\Apoorv\\OneDrive\\Desktop\\temp\\acquisitions\\node_modules\\router\\index.js:291:5)"}
{"level":"error","message":"Signup error eq is not defined","service":"acquisitions-api","stack":"ReferenceError: eq is not defined\n    at createUser (file:///C:/Users/Apoorv/OneDrive/Desktop/temp/acquisitions/src/services/auth.service.js:20:7)\n    at signup (file:///C:/Users/Apoorv/OneDrive/Desktop/temp/acquisitions/src/controllers/auth.controller.js:21:24)\n    at Layer.handleRequest (C:\\Users\\Apoorv\\OneDrive\\Desktop\\temp\\acquisitions\\node_modules\\router\\lib\\layer.js:152:17)\n    at next (C:\\Users\\Apoorv\\OneDrive\\Desktop\\temp\\acquisitions\\node_modules\\router\\lib\\route.js:157:13)\n    at Route.dispatch (C:\\Users\\Apoorv\\OneDrive\\Desktop\\temp\\acquisitions\\node_modules\\router\\lib\\route.js:117:3)\n    at handle (C:\\Users\\Apoorv\\OneDrive\\Desktop\\temp\\acquisitions\\node_modules\\router\\index.js:435:11)\n    at Layer.handleRequest (C:\\Users\\Apoorv\\OneDrive\\Desktop\\temp\\acquisitions\\node_modules\\router\\lib\\layer.js:152:17)\n    at C:\\Users\\Apoorv\\OneDrive\\Desktop\\temp\\acquisitions\\node_modules\\router\\index.js:295:15\n    at processParams (C:\\Users\\Apoorv\\OneDrive\\Desktop\\temp\\acquisitions\\node_modules\\router\\index.js:582:12)\n    at next (C:\\Users\\Apoorv\\OneDrive\\Desktop\\temp\\acquisitions\\node_modules\\router\\index.js:291:5)"}
{"level":"info","message":"::1 - - [13/Jan/2026:16:45:38 +0000] \"POST /api/auth/sign-up HTTP/1.1\" 500 1385 \"-\" \"PostmanRuntime/7.40.0\"","service":"acquisitions-api"}
{"level":"info","message":"New user created: 1 (apoorv@gmail.com)","service":"acquisitions-api"}
{"level":"error","message":"Signup error cookies.set is not a function","service":"acquisitions-api","stack":"TypeError: cookies.set is not a function\n    at signup (file:///C:/Users/Apoorv/OneDrive/Desktop/temp/acquisitions/src/controllers/auth.controller.js:29:13)\n    at process.processTicksAndRejections (node:internal/process/task_queues:95:5)"}
{"level":"info","message":"::1 - - [13/Jan/2026:16:46:19 +0000] \"POST /api/auth/sign-up HTTP/1.1\" 500 391 \"-\" \"PostmanRuntime/7.40.0\"","service":"acquisitions-api"}
{"level":"info","message":"New user created: 2 (apoorv@gmail.com)","service":"acquisitions-api"}
{"level":"info","message":"User signed up: Apoorv (apoorv@gmail.com) with role user","service":"acquisitions-api"}
{"level":"info","message":"::1 - - [13/Jan/2026:16:49:40 +0000] \"POST /api/auth/sign-up HTTP/1.1\" 201 114 \"-\" \"PostmanRuntime/7.40.0\"","service":"acquisitions-api"}
{"level":"info","message":"New user created: 3 (apoorv@gmail.com)","service":"acquisitions-api"}
{"level":"info","message":"User signed up: Apoorv (apoorv@gmail.com) with role user","service":"acquisitions-api"}
{"level":"info","message":"::1 - - [13/Jan/2026:16:50:12 +0000] \"POST /api/auth/sign-up HTTP/1.1\" 201 114 \"-\" \"PostmanRuntime/7.40.0\"","service":"acquisitions-api"}
{"level":"info","message":"New user created: 4 (apoorv@gmail.com)","service":"acquisitions-api"}
{"level":"info","message":"User signed up: Apoorv (apoorv@gmail.com) with role user","service":"acquisitions-api"}
{"level":"info","message":"::1 - - [13/Jan/2026:16:50:24 +0000] \"POST /api/auth/sign-up HTTP/1.1\" 201 114 \"-\" \"PostmanRuntime/7.40.0\"","service":"acquisitions-api"}
{"level":"error","message":"User creation error User with this email already exists","service":"acquisitions-api","stack":"Error: User with this email already exists\n    at createUser (file:///C:/Users/Apoorv/OneDrive/Desktop/temp/acquisitions/src/services/auth.service.js:25:13)\n    at process.processTicksAndRejections (node:internal/process/task_queues:95:5)\n    at async signup (file:///C:/Users/Apoorv/OneDrive/Desktop/temp/acquisitions/src/controllers/auth.controller.js:21:18)"}
{"level":"error","message":"Signup error User with this email already exists","service":"acquisitions-api","stack":"Error: User with this email already exists\n    at createUser (file:///C:/Users/Apoorv/OneDrive/Desktop/temp/acquisitions/src/services/auth.service.js:25:13)\n    at process.processTicksAndRejections (node:internal/process/task_queues:95:5)\n    at async signup (file:///C:/Users/Apoorv/OneDrive/Desktop/temp/acquisitions/src/controllers/auth.controller.js:21:18)"}
{"level":"info","message":"::1 - - [13/Jan/2026:16:53:38 +0000] \"POST /api/auth/sign-up HTTP/1.1\" 409 32 \"-\" \"PostmanRuntime/7.40.0\"","service":"acquisitions-api"}
{"level":"info","message":"New user created: 5 (apoorv@gmail.com)","service":"acquisitions-api"}
{"level":"info","message":"User signed up: Apoorv (apoorv@gmail.com) with role user","service":"acquisitions-api"}
{"level":"info","message":"::1 - - [13/Jan/2026:16:53:58 +0000] \"POST /api/auth/sign-up HTTP/1.1\" 201 114 \"-\" \"PostmanRuntime/7.40.0\"","service":"acquisitions-api"}
{"level":"error","message":"User creation error User with this email already exists","service":"acquisitions-api","stack":"Error: User with this email already exists\n    at createUser (file:///C:/Users/Apoorv/OneDrive/Desktop/temp/acquisitions/src/services/auth.service.js:25:13)\n    at process.processTicksAndRejections (node:internal/process/task_queues:95:5)\n    at async signup (file:///C:/Users/Apoorv/OneDrive/Desktop/temp/acquisitions/src/controllers/auth.controller.js:21:18)"}
{"level":"error","message":"Signup error User with this email already exists","service":"acquisitions-api","stack":"Error: User with this email already exists\n    at createUser (file:///C:/Users/Apoorv/OneDrive/Desktop/temp/acquisitions/src/services/auth.service.js:25:13)\n    at process.processTicksAndRejections (node:internal/process/task_queues:95:5)\n    at async signup (file:///C:/Users/Apoorv/OneDrive/Desktop/temp/acquisitions/src/controllers/auth.controller.js:21:18)"}
{"level":"info","message":"::1 - - [13/Jan/2026:16:54:07 +0000] \"POST /api/auth/sign-up HTTP/1.1\" 409 32 \"-\" \"PostmanRuntime/7.40.0\"","service":"acquisitions-api"}
{"level":"error","message":"User creation error User with this email already exists","service":"acquisitions-api","stack":"Error: User with this email already exists\n    at createUser (file:///C:/Users/Apoorv/OneDrive/Desktop/temp/acquisitions/src/services/auth.service.js:25:13)\n    at process.processTicksAndRejections (node:internal/process/task_queues:95:5)\n    at async signup (file:///C:/Users/Apoorv/OneDrive/Desktop/temp/acquisitions/src/controllers/auth.controller.js:21:18)"}
{"level":"error","message":"Signup error User with this email already exists","service":"acquisitions-api","stack":"Error: User with this email already exists\n    at createUser (file:///C:/Users/Apoorv/OneDrive/Desktop/temp/acquisitions/src/services/auth.service.js:25:13)\n    at process.processTicksAndRejections (node:internal/process/task_queues:95:5)\n    at async signup (file:///C:/Users/Apoorv/OneDrive/Desktop/temp/acquisitions/src/controllers/auth.controller.js:21:18)"}
{"level":"info","message":"::1 - - [13/Jan/2026:16:54:18 +0000] \"POST /api/auth/sign-up HTTP/1.1\" 409 32 \"-\" \"PostmanRuntime/7.40.0\"","service":"acquisitions-api"}
{"level":"info","message":"New user created: 6 (apoorv@gmail.com)","service":"acquisitions-api"}
{"level":"info","message":"User signed up: Apoorv (apoorv@gmail.com) with role admin","service":"acquisitions-api"}
{"level":"info","message":"::1 - - [13/Jan/2026:16:58:46 +0000] \"POST /api/auth/sign-up HTTP/1.1\" 201 115 \"-\" \"PostmanRuntime/7.40.0\"","service":"acquisitions-api"}
{"level":"error","message":"User creation error User with this email and role already exists","service":"acquisitions-api","stack":"Error: User with this email and role already exists\n    at createUser (file:///C:/Users/Apoorv/OneDrive/Desktop/temp/acquisitions/src/services/auth.service.js:26:13)\n    at process.processTicksAndRejections (node:internal/process/task_queues:95:5)\n    at async signup (file:///C:/Users/Apoorv/OneDrive/Desktop/temp/acquisitions/src/controllers/auth.controller.js:21:18)"}
{"level":"error","message":"Signup error User with this email and role already exists","service":"acquisitions-api","stack":"Error: User with this email and role already exists\n    at createUser (file:///C:/Users/Apoorv/OneDrive/Desktop/temp/acquisitions/src/services/auth.service.js:26:13)\n    at process.processTicksAndRejections (node:internal/process/task_queues:95:5)\n    at async signup (file:///C:/Users/Apoorv/OneDrive/Desktop/temp/acquisitions/src/controllers/auth.controller.js:21:18)"}
{"level":"info","message":"::1 - - [13/Jan/2026:17:01:30 +0000] \"POST /api/auth/sign-up HTTP/1.1\" 500 535 \"-\" \"PostmanRuntime/7.40.0\"","service":"acquisitions-api"}
{"level":"error","message":"Signin error signInSchema is not defined","service":"acquisitions-api","stack":"ReferenceError: signInSchema is not defined\n    at signin (file:///C:/Users/Apoorv/OneDrive/Desktop/temp/acquisitions/src/controllers/auth.controller.js:50:30)\n    at Layer.handleRequest (C:\\Users\\Apoorv\\OneDrive\\Desktop\\temp\\acquisitions\\node_modules\\router\\lib\\layer.js:152:17)\n    at next (C:\\Users\\Apoorv\\OneDrive\\Desktop\\temp\\acquisitions\\node_modules\\router\\lib\\route.js:157:13)\n    at Route.dispatch (C:\\Users\\Apoorv\\OneDrive\\Desktop\\temp\\acquisitions\\node_modules\\router\\lib\\route.js:117:3)\n    at handle (C:\\Users\\Apoorv\\OneDrive\\Desktop\\temp\\acquisitions\\node_modules\\router\\index.js:435:11)\n    at Layer.handleRequest (C:\\Users\\Apoorv\\OneDrive\\Desktop\\temp\\acquisitions\\node_modules\\router\\lib\\layer.js:152:17)\n    at C:\\Users\\Apoorv\\OneDrive\\Desktop\\temp\\acquisitions\\node_modules\\router\\index.js:295:15\n    at processParams (C:\\Users\\Apoorv\\OneDrive\\Desktop\\temp\\acquisitions\\node_modules\\router\\index.js:582:12)\n    at next (C:\\Users\\Apoorv\\OneDrive\\Desktop\\temp\\acquisitions\\node_modules\\router\\index.js:291:5)\n    at Function.handle (C:\\Users\\Apoorv\\OneDrive\\Desktop\\temp\\acquisitions\\node_modules\\router\\index.js:186:3)"}
{"level":"info","message":"::1 - - [13/Jan/2026:18:15:49 +0000] \"POST /api/auth/sign-in HTTP/1.1\" 500 1393 \"-\" \"PostmanRuntime/7.40.0\"","service":"acquisitions-api"}
{"level":"info","message":"User signed in: 5 (apoorv@gmail.com)","service":"acquisitions-api"}
{"level":"info","message":"User signed in: 5 (apoorv@gmail.com)","service":"acquisitions-api"}
{"level":"info","message":"::1 - - [13/Jan/2026:18:17:33 +0000] \"POST /api/auth/sign-in HTTP/1.1\" 200 114 \"-\" \"PostmanRuntime/7.40.0\"","service":"acquisitions-api"}
{"level":"info","message":"::1 - - [13/Jan/2026:18:18:25 +0000] \"POST /api/auth/sign-out HTTP/1.1\" 200 32 \"-\" \"PostmanRuntime/7.40.0\"","service":"acquisitions-api"}
